SCRIPT 1
load returned 100
SCRIPT 2
load returned SCRIPT 2
2
2
TESTING VARIABLE ARGS
ELEMENT 1
ELEMENT 2
ELEMENT 3
ELEMENT A
ELEMENT B
ELEMENT C
63
T
12
13
11
63
63
1
123
123
1
2
3
456
0
1
2
223
12345678
1234567812345678
1234
12345
12345678
12345678
1234
12345
12345678
12345678
pack passed
12345678901
ABCD
A REALLY LONG TXT
1
2
3
120
120
1001234
ABCD
1
2
3
#
 
T
h
e
 
t
e
s
t
H
E
L
L
O
 
W
O
R
L
D
LINE TEST PASSED
EVAL OUTPUT
3
10
LONG FUNCTION CALLED
VERY LONG FUNCTION CALLED
50005000
100010000
55
HELLO 11
MEM SIZE = 1048560 FREE = 46325

